0 info it worked if it ends with ok
1 verbose cli [ '/usr/local/Cellar/node/5.6.0/bin/node',
1 verbose cli   '/Users/daynedavis/.npm-packages/bin/npm',
1 verbose cli   'run',
1 verbose cli   'build' ]
2 info using npm@3.7.2
3 info using node@v5.6.0
4 verbose run-script [ 'prebuild', 'build', 'postbuild' ]
5 info lifecycle es6@1.0.0~prebuild: es6@1.0.0
6 silly lifecycle es6@1.0.0~prebuild: no script for prebuild, continuing
7 info lifecycle es6@1.0.0~build: es6@1.0.0
8 verbose lifecycle es6@1.0.0~build: unsafe-perm in lifecycle true
9 verbose lifecycle es6@1.0.0~build: PATH: /Users/daynedavis/.npm-packages/lib/node_modules/npm/bin/node-gyp-bin:/Users/daynedavis/Coding/React/es6/node_modules/.bin:/usr/local/Cellar/node/5.6.0/bin:/Users/daynedavis/.npm-packages/bin:/usr/local/bin:/usr/bin:/bin:/usr/sbin:/sbin:/opt/X11/bin:/Users/daynedavis/.npm-packages/bin
10 verbose lifecycle es6@1.0.0~build: CWD: /Users/daynedavis/Coding/React/es6
11 silly lifecycle es6@1.0.0~build: Args: [ '-c', 'gulp' ]
12 silly lifecycle es6@1.0.0~build: Returned: code: 1  signal: null
13 info lifecycle es6@1.0.0~build: Failed to exec build script
14 verbose stack Error: es6@1.0.0 build: `gulp`
14 verbose stack Exit status 1
14 verbose stack     at EventEmitter.<anonymous> (/Users/daynedavis/.npm-packages/lib/node_modules/npm/lib/utils/lifecycle.js:239:16)
14 verbose stack     at emitTwo (events.js:100:13)
14 verbose stack     at EventEmitter.emit (events.js:185:7)
14 verbose stack     at ChildProcess.<anonymous> (/Users/daynedavis/.npm-packages/lib/node_modules/npm/lib/utils/spawn.js:24:14)
14 verbose stack     at emitTwo (events.js:100:13)
14 verbose stack     at ChildProcess.emit (events.js:185:7)
14 verbose stack     at maybeClose (internal/child_process.js:827:16)
14 verbose stack     at Process.ChildProcess._handle.onexit (internal/child_process.js:211:5)
15 verbose pkgid es6@1.0.0
16 verbose cwd /Users/daynedavis/Coding/React/es6
17 error Darwin 16.0.0
18 error argv "/usr/local/Cellar/node/5.6.0/bin/node" "/Users/daynedavis/.npm-packages/bin/npm" "run" "build"
19 error node v5.6.0
20 error npm  v3.7.2
21 error code ELIFECYCLE
22 error es6@1.0.0 build: `gulp`
22 error Exit status 1
23 error Failed at the es6@1.0.0 build script 'gulp'.
23 error Make sure you have the latest version of node.js and npm installed.
23 error If you do, this is most likely a problem with the es6 package,
23 error not with npm itself.
23 error Tell the author that this fails on your system:
23 error     gulp
23 error You can get information on how to open an issue for this project with:
23 error     npm bugs es6
23 error Or if that isn't available, you can get their info via:
23 error     npm owner ls es6
23 error There is likely additional logging output above.
24 verbose exit [ 1, true ]
